c:\users\tao\localrepos\drawing-window\x64\debug\vc143.pdb
c:\users\tao\localrepos\drawing-window\x64\debug\vc143.idb
c:\users\tao\localrepos\drawing-window\x64\debug\window_demo.obj
c:\users\tao\localrepos\drawing-window\x64\debug\main.obj
c:\users\tao\localrepos\drawing-window\x64\debug\drawing_window.obj
c:\users\tao\localrepos\drawing-window\x64\debug\basic_window.obj
c:\users\tao\localrepos\ellipse_drawing_window\x64\debug\vc143.pdb
c:\users\tao\localrepos\ellipse_drawing_window\x64\debug\vc143.idb
c:\users\tao\localrepos\ellipse_drawing_window\x64\debug\main.obj
c:\users\tao\localrepos\ellipse_drawing_window\x64\debug\bitmap.obj
c:\users\tao\localrepos\ellipse_drawing_window\x64\debug\basic_window.obj
c:\users\tao\localrepos\ellipse_drawing_window\x64\debug\drawing_window.obj
c:\users\tao\localrepos\drawing-window\x64\debug\window-com.exe
c:\users\tao\localrepos\drawing-window\x64\debug\window-com.ilk
c:\users\tao\localrepos\drawing-window\x64\debug\window-com.pdb
c:\users\tao\localrepos\ellipse_drawing_window\x64\debug\window-com.ilk
c:\users\tao\localrepos\ellipse_drawing_window\x64\debug\window-com.exe
c:\users\tao\localrepos\ellipse_drawing_window\x64\debug\window-com.pdb
c:\users\tao\localrepos\drawing-window\x64\debug\window-com.res
c:\users\tao\localrepos\ellipse_drawing_window\x64\debug\window-com.res
c:\users\tao\localrepos\ellipse_drawing_window\x64\debug\window_demo.obj
c:\users\tao\localrepos\ellipse_drawing_window\x64\debug\bitmap.obj.enc
c:\users\tao\localrepos\ellipse_drawing_window\x64\debug\drawing_window.obj.enc
c:\users\tao\localrepos\ellipse_drawing_window\x64\debug\window-com.tlog\cl.command.1.tlog
c:\users\tao\localrepos\ellipse_drawing_window\x64\debug\window-com.tlog\cl.read.1.tlog
c:\users\tao\localrepos\ellipse_drawing_window\x64\debug\window-com.tlog\cl.write.1.tlog
c:\users\tao\localrepos\ellipse_drawing_window\x64\debug\window-com.tlog\link.command.1.tlog
c:\users\tao\localrepos\ellipse_drawing_window\x64\debug\window-com.tlog\link.read.1.tlog
c:\users\tao\localrepos\ellipse_drawing_window\x64\debug\window-com.tlog\link.write.1.tlog
c:\users\tao\localrepos\ellipse_drawing_window\x64\debug\window-com.tlog\rc.command.1.tlog
c:\users\tao\localrepos\ellipse_drawing_window\x64\debug\window-com.tlog\rc.read.1.tlog
c:\users\tao\localrepos\ellipse_drawing_window\x64\debug\window-com.tlog\rc.write.1.tlog
